<?xml version="1.0" encoding="UTF-8"?>
<!-- Generated by org.testng.reporters.JUnitReportReporter -->
<testsuite hostname="DESKTOP-STT5VRR" failures="0" tests="1" name="test.Createtest" time="5.853" errors="0" timestamp="2023-07-25T12:43:22 IST" skipped="0">
  <testcase classname="test.Createtest" name="verifycreate" time="5.853"/>
</testsuite> <!-- test.Createtest -->
