<?xml version="1.0" encoding="UTF-8"?>
<!-- Generated by org.testng.reporters.JUnitReportReporter -->
<testsuite hostname="DESKTOP-STT5VRR" failures="0" tests="3" name="test.TCarttest" time="47.875" errors="0" timestamp="2023-07-25T12:43:22 IST" skipped="0">
  <testcase classname="test.TCarttest" name="verifysignin" time="5.757"/>
  <testcase classname="test.TCarttest" name="verifyproduct" time="11.115"/>
  <testcase classname="test.TCarttest" name="verifycart" time="31.003"/>
</testsuite> <!-- test.TCarttest -->
