<?xml version="1.0" encoding="UTF-8"?>
<!-- Generated by org.testng.reporters.JUnitReportReporter -->
<testsuite hostname="DESKTOP-STT5VRR" failures="0" tests="2" name="test.Producttest" time="11.933" errors="0" timestamp="2023-07-17T14:46:26 IST" skipped="0">
  <testcase classname="test.Producttest" name="verifysignin" time="6.037"/>
  <testcase classname="test.Producttest" name="verifyproduct" time="5.896"/>
</testsuite> <!-- test.Producttest -->
