<?xml version="1.0" encoding="UTF-8"?>
<!-- Generated by org.testng.reporters.JUnitReportReporter -->
<testsuite hostname="DESKTOP-STT5VRR" failures="0" tests="1" name="test.Signintest" time="8.677" errors="0" timestamp="2023-07-18T15:08:24 IST" skipped="0">
  <testcase classname="test.Signintest" name="verifysignin" time="8.677"/>
</testsuite> <!-- test.Signintest -->
