<?xml version="1.0" encoding="UTF-8"?>
<!-- Generated by org.testng.reporters.JUnitReportReporter -->
<testsuite hostname="DESKTOP-STT5VRR" failures="0" tests="1" name="test.SProducttest" time="32.041" errors="0" timestamp="2023-07-18T15:08:24 IST" skipped="0">
  <testcase classname="test.SProducttest" name="verifyproduct" time="32.041"/>
</testsuite> <!-- test.SProducttest -->
